<?xml version="1.0" encoding="UTF-8"?>
<!-- Generated by org.testng.reporters.JUnitReportReporter -->
<testsuite hostname="DESKTOP-G2S5BGV" name="com.Apex.RestAPI.PostApiTest" tests="1" failures="0" timestamp="17 Apr 2019 16:45:16 GMT" time="1.166" errors="0">
  <testcase name="postAPITest" time="1.166" classname="com.Apex.RestAPI.PostApiTest"/>
</testsuite> <!-- com.Apex.RestAPI.PostApiTest -->
