<?xml version="1.0" encoding="UTF-8"?>
<!-- Generated by org.testng.reporters.JUnitReportReporter -->
<testsuite hostname="DESKTOP-G2S5BGV" name="com.Apex.RestAPI.PutApiTest" tests="1" failures="0" timestamp="17 Apr 2019 20:38:15 GMT" time="1.003" errors="0">
  <testcase name="putAPITest" time="1.003" classname="com.Apex.RestAPI.PutApiTest"/>
</testsuite> <!-- com.Apex.RestAPI.PutApiTest -->
