<?xml version="1.0" encoding="UTF-8"?>
<!-- Generated by org.testng.reporters.JUnitReportReporter -->
<testsuite hostname="DESKTOP-G2S5BGV" name="com.Apex.RestAPI.GetAPITest" tests="1" failures="0" timestamp="20 Apr 2019 23:59:28 GMT" time="0.820" errors="0">
  <testcase name="getAPITestWithHeaders" time="0.820" classname="com.Apex.RestAPI.GetAPITest"/>
</testsuite> <!-- com.Apex.RestAPI.GetAPITest -->
