<?xml version="1.0" encoding="UTF-8"?>
<!-- Generated by org.testng.reporters.JUnitReportReporter -->
<testsuite skipped="0" hostname="DESKTOP-G2S5BGV" name="com.qa.testcases.Log4J2PropertiesConf" tests="1" failures="0" timestamp="13 Sep 2019 01:32:37 GMT" time="0.020" errors="0">
  <testcase name="performSomeTask" time="0.020" classname="com.qa.testcases.Log4J2PropertiesConf"/>
</testsuite> <!-- com.qa.testcases.Log4J2PropertiesConf -->
