<?xml version="1.0" encoding="UTF-8"?>
<!-- Generated by org.testng.reporters.JUnitReportReporter -->
<testsuite skipped="0" hostname="DESKTOP-G2S5BGV" name="com.crm.qa.testcases.LoginPageTest" tests="2" failures="0" timestamp="12 Sep 2019 16:15:47 GMT" time="8.870" errors="0">
  <testcase name="loginpagetitletest" time="0.014" classname="com.crm.qa.testcases.LoginPageTest"/>
  <testcase name="login" time="8.856" classname="com.crm.qa.testcases.LoginPageTest"/>
</testsuite> <!-- com.crm.qa.testcases.LoginPageTest -->
