<?xml version="1.0" encoding="UTF-8"?>
<!-- Generated by org.testng.reporters.JUnitReportReporter -->
<testsuite skipped="0" hostname="DESKTOP-G2S5BGV" name="customer_api_test.appium_project.gestures" tests="1" failures="0" timestamp="17 Sep 2019 19:39:02 GMT" time="22.003" errors="0">
  <testcase name="tapoption" time="22.003" classname="customer_api_test.appium_project.gestures"/>
</testsuite> <!-- customer_api_test.appium_project.gestures -->
