<?xml version="1.0" encoding="UTF-8"?>
<!-- Generated by org.testng.reporters.JUnitReportReporter -->
<testsuite skipped="0" hostname="DESKTOP-G2S5BGV" name="customer_api_test.appium_project.scrolldown" tests="1" failures="0" timestamp="16 Sep 2019 22:56:55 GMT" time="22.089" errors="0">
  <testcase name="scrolldowntest" time="22.089" classname="customer_api_test.appium_project.scrolldown"/>
</testsuite> <!-- customer_api_test.appium_project.scrolldown -->
