<?xml version="1.0" encoding="UTF-8"?>
<!-- Generated by org.testng.reporters.JUnitReportReporter -->
<testsuite skipped="0" hostname="DESKTOP-G2S5BGV" name="customer_api_test.appium_project.swippingtests" tests="1" failures="0" timestamp="15 Sep 2019 23:39:53 GMT" time="15.508" errors="0">
  <testcase name="swipegesture" time="15.508" classname="customer_api_test.appium_project.swippingtests"/>
</testsuite> <!-- customer_api_test.appium_project.swippingtests -->
