<?xml version="1.0" encoding="UTF-8"?>
<!-- Generated by org.testng.reporters.JUnitReportReporter -->
<testsuite skipped="0" hostname="DESKTOP-G2S5BGV" name="customer_api_test.appium_project.Browsinginchrome" tests="1" failures="0" timestamp="17 Sep 2019 19:53:27 GMT" time="36.895" errors="0">
  <testcase name="chromebrowse" time="36.895" classname="customer_api_test.appium_project.Browsinginchrome"/>
</testsuite> <!-- customer_api_test.appium_project.Browsinginchrome -->
