<?xml version="1.0" encoding="UTF-8"?>
<!-- Generated by org.testng.reporters.JUnitReportReporter -->
<testsuite skipped="0" hostname="DESKTOP-G2S5BGV" name="customer_api_test.appium_project.browsingcrickbuzz" tests="1" failures="0" timestamp="17 Sep 2019 17:36:11 GMT" time="125.711" errors="0">
  <testcase name="crickbuzz" time="125.711" classname="customer_api_test.appium_project.browsingcrickbuzz"/>
</testsuite> <!-- customer_api_test.appium_project.browsingcrickbuzz -->
