<?xml version="1.0" encoding="UTF-8"?>
<!-- Generated by org.testng.reporters.JUnitReportReporter -->
<testsuite skipped="0" hostname="DESKTOP-G2S5BGV" name="customer_api_test.appium_project.firesttest" tests="1" failures="0" timestamp="18 Sep 2019 04:35:05 GMT" time="20.592" errors="0">
  <testcase name="basictests" time="20.592" classname="customer_api_test.appium_project.firesttest"/>
</testsuite> <!-- customer_api_test.appium_project.firesttest -->
