<?xml version="1.0" encoding="UTF-8"?>
<!-- Generated by org.testng.reporters.JUnitReportReporter -->
<testsuite skipped="0" hostname="DESKTOP-G2S5BGV" name="com.crm.qa.testcases.PracticeTest" tests="5" failures="0" timestamp="09 Sep 2019 18:12:34 GMT" time="3.277" errors="0">
  <testcase name="practiceclick" time="1.981" classname="com.crm.qa.testcases.PracticeTest"/>
  <testcase name="checkradiobutton" time="0.635" classname="com.crm.qa.testcases.PracticeTest"/>
  <testcase name="checkbox" time="0.146" classname="com.crm.qa.testcases.PracticeTest"/>
  <testcase name="staticdropdown" time="0.515" classname="com.crm.qa.testcases.PracticeTest"/>
  <testcase name="dynamicdropdown" time="0.000" classname="com.crm.qa.testcases.PracticeTest"/>
</testsuite> <!-- com.crm.qa.testcases.PracticeTest -->
